This is pdfTeX, Version 3.1415926-2.4-1.40.13 (TeX Live 2012) (format=pdflatex 2012.6.30)  3 APR 2013 21:16
entering extended mode
 restricted \write18 enabled.
 file:line:error style messages enabled.
 %&-line parsing enabled.
**contours.tex
(./contours.tex
LaTeX2e <2011/06/27>
Babel <v3.8m> and hyphenation patterns for english, dumylang, nohyphenation, ge
rman-x-2012-05-30, ngerman-x-2012-05-30, afrikaans, ancientgreek, ibycus, arabi
c, armenian, basque, bulgarian, catalan, pinyin, coptic, croatian, czech, danis
h, dutch, ukenglish, usenglishmax, esperanto, estonian, ethiopic, farsi, finnis
h, french, friulan, galician, german, ngerman, swissgerman, monogreek, greek, h
ungarian, icelandic, assamese, bengali, gujarati, hindi, kannada, malayalam, ma
rathi, oriya, panjabi, tamil, telugu, indonesian, interlingua, irish, italian, 
kurmanji, latin, latvian, lithuanian, mongolian, mongolianlmc, bokmal, nynorsk,
 polish, portuguese, romanian, romansh, russian, sanskrit, serbian, serbianc, s
lovak, slovenian, spanish, swedish, turkish, turkmen, ukrainian, uppersorbian, 
welsh, loaded.
(/usr/local/texlive/2012/texmf-dist/tex/latex/amscls/amsart.cls
Document Class: amsart 2009/07/02 v2.20.1
\linespacing=\dimen102
\normalparindent=\dimen103
\normaltopskip=\skip41
(/usr/local/texlive/2012/texmf-dist/tex/latex/amsmath/amsmath.sty
Package: amsmath 2000/07/18 v2.13 AMS math features
\@mathmargin=\skip42

For additional information on amsmath, use the `?' option.
(/usr/local/texlive/2012/texmf-dist/tex/latex/amsmath/amstext.sty
Package: amstext 2000/06/29 v2.01

(/usr/local/texlive/2012/texmf-dist/tex/latex/amsmath/amsgen.sty
File: amsgen.sty 1999/11/30 v2.0
\@emptytoks=\toks14
\ex@=\dimen104
))
(/usr/local/texlive/2012/texmf-dist/tex/latex/amsmath/amsbsy.sty
Package: amsbsy 1999/11/29 v1.2d
\pmbraise@=\dimen105
)
(/usr/local/texlive/2012/texmf-dist/tex/latex/amsmath/amsopn.sty
Package: amsopn 1999/12/14 v2.01 operator names
)
\inf@bad=\count79
LaTeX Info: Redefining \frac on input line 211.
\uproot@=\count80
\leftroot@=\count81
LaTeX Info: Redefining \overline on input line 307.
\classnum@=\count82
\DOTSCASE@=\count83
LaTeX Info: Redefining \ldots on input line 379.
LaTeX Info: Redefining \dots on input line 382.
LaTeX Info: Redefining \cdots on input line 467.
\Mathstrutbox@=\box26
\strutbox@=\box27
\big@size=\dimen106
LaTeX Font Info:    Redeclaring font encoding OML on input line 567.
LaTeX Font Info:    Redeclaring font encoding OMS on input line 568.
\macc@depth=\count84
\c@MaxMatrixCols=\count85
\dotsspace@=\muskip10
\c@parentequation=\count86
\dspbrk@lvl=\count87
\tag@help=\toks15
\row@=\count88
\column@=\count89
\maxfields@=\count90
\andhelp@=\toks16
\eqnshift@=\dimen107
\alignsep@=\dimen108
\tagshift@=\dimen109
\tagwidth@=\dimen110
\totwidth@=\dimen111
\lineht@=\dimen112
\@envbody=\toks17
\multlinegap=\skip43
\multlinetaggap=\skip44
\mathdisplay@stack=\toks18
LaTeX Info: Redefining \[ on input line 2666.
LaTeX Info: Redefining \] on input line 2667.
)
LaTeX Font Info:    Try loading font information for U+msa on input line 388.

(/usr/local/texlive/2012/texmf-dist/tex/latex/amsfonts/umsa.fd
File: umsa.fd 2009/06/22 v3.00 AMS symbols A
)
(/usr/local/texlive/2012/texmf-dist/tex/latex/amsfonts/amsfonts.sty
Package: amsfonts 2009/06/22 v3.00 Basic AMSFonts support
\symAMSa=\mathgroup4
\symAMSb=\mathgroup5
LaTeX Font Info:    Overwriting math alphabet `\mathfrak' in version `bold'
(Font)                  U/euf/m/n --> U/euf/b/n on input line 96.
)
\copyins=\insert233
\abstractbox=\box28
\listisep=\skip45
\c@part=\count91
\c@section=\count92
\c@subsection=\count93
\c@subsubsection=\count94
\c@paragraph=\count95
\c@subparagraph=\count96
\c@figure=\count97
\c@table=\count98
\abovecaptionskip=\skip46
\belowcaptionskip=\skip47
\captionindent=\dimen113
\thm@style=\toks19
\thm@bodyfont=\toks20
\thm@headfont=\toks21
\thm@notefont=\toks22
\thm@headpunct=\toks23
\thm@preskip=\skip48
\thm@postskip=\skip49
\thm@headsep=\skip50
\dth@everypar=\toks24
)
(/usr/local/texlive/2012/texmf-dist/tex/latex/base/fontenc.sty
Package: fontenc 2005/09/27 v1.99g Standard LaTeX package

(/usr/local/texlive/2012/texmf-dist/tex/latex/base/t1enc.def
File: t1enc.def 2005/09/27 v1.99g Standard LaTeX file
LaTeX Font Info:    Redeclaring font encoding T1 on input line 43.
))
(/usr/local/texlive/2012/texmf-dist/tex/latex/lm/lmodern.sty
Package: lmodern 2009/10/30 v1.6 Latin Modern Fonts
LaTeX Font Info:    Overwriting symbol font `operators' in version `normal'
(Font)                  OT1/cmr/m/n --> OT1/lmr/m/n on input line 22.
LaTeX Font Info:    Overwriting symbol font `letters' in version `normal'
(Font)                  OML/cmm/m/it --> OML/lmm/m/it on input line 23.
LaTeX Font Info:    Overwriting symbol font `symbols' in version `normal'
(Font)                  OMS/cmsy/m/n --> OMS/lmsy/m/n on input line 24.
LaTeX Font Info:    Overwriting symbol font `largesymbols' in version `normal'
(Font)                  OMX/cmex/m/n --> OMX/lmex/m/n on input line 25.
LaTeX Font Info:    Overwriting symbol font `operators' in version `bold'
(Font)                  OT1/cmr/bx/n --> OT1/lmr/bx/n on input line 26.
LaTeX Font Info:    Overwriting symbol font `letters' in version `bold'
(Font)                  OML/cmm/b/it --> OML/lmm/b/it on input line 27.
LaTeX Font Info:    Overwriting symbol font `symbols' in version `bold'
(Font)                  OMS/cmsy/b/n --> OMS/lmsy/b/n on input line 28.
LaTeX Font Info:    Overwriting symbol font `largesymbols' in version `bold'
(Font)                  OMX/cmex/m/n --> OMX/lmex/m/n on input line 29.
LaTeX Font Info:    Overwriting math alphabet `\mathbf' in version `normal'
(Font)                  OT1/cmr/bx/n --> OT1/lmr/bx/n on input line 31.
LaTeX Font Info:    Overwriting math alphabet `\mathsf' in version `normal'
(Font)                  OT1/cmss/m/n --> OT1/lmss/m/n on input line 32.
LaTeX Font Info:    Overwriting math alphabet `\mathit' in version `normal'
(Font)                  OT1/cmr/m/it --> OT1/lmr/m/it on input line 33.
LaTeX Font Info:    Overwriting math alphabet `\mathtt' in version `normal'
(Font)                  OT1/cmtt/m/n --> OT1/lmtt/m/n on input line 34.
LaTeX Font Info:    Overwriting math alphabet `\mathbf' in version `bold'
(Font)                  OT1/cmr/bx/n --> OT1/lmr/bx/n on input line 35.
LaTeX Font Info:    Overwriting math alphabet `\mathsf' in version `bold'
(Font)                  OT1/cmss/bx/n --> OT1/lmss/bx/n on input line 36.
LaTeX Font Info:    Overwriting math alphabet `\mathit' in version `bold'
(Font)                  OT1/cmr/bx/it --> OT1/lmr/bx/it on input line 37.
LaTeX Font Info:    Overwriting math alphabet `\mathtt' in version `bold'
(Font)                  OT1/cmtt/m/n --> OT1/lmtt/m/n on input line 38.
)
(/usr/local/texlive/2012/texmf-dist/tex/latex/preprint/fullpage.sty
Package: fullpage 1999/02/23 1.1 (PWD)
\FP@margin=\skip51
)
(/usr/local/texlive/2012/texmf-dist/tex/latex/graphics/graphicx.sty
Package: graphicx 1999/02/16 v1.0f Enhanced LaTeX Graphics (DPC,SPQR)

(/usr/local/texlive/2012/texmf-dist/tex/latex/graphics/keyval.sty
Package: keyval 1999/03/16 v1.13 key=value parser (DPC)
\KV@toks@=\toks25
)
(/usr/local/texlive/2012/texmf-dist/tex/latex/graphics/graphics.sty
Package: graphics 2009/02/05 v1.0o Standard LaTeX Graphics (DPC,SPQR)

(/usr/local/texlive/2012/texmf-dist/tex/latex/graphics/trig.sty
Package: trig 1999/03/16 v1.09 sin cos tan (DPC)
)
(/usr/local/texlive/2012/texmf-dist/tex/latex/latexconfig/graphics.cfg
File: graphics.cfg 2010/04/23 v1.9 graphics configuration of TeX Live
)
Package graphics Info: Driver file: pdftex.def on input line 91.

(/usr/local/texlive/2012/texmf-dist/tex/latex/pdftex-def/pdftex.def
File: pdftex.def 2011/05/27 v0.06d Graphics/color for pdfTeX

(/usr/local/texlive/2012/texmf-dist/tex/generic/oberdiek/infwarerr.sty
Package: infwarerr 2010/04/08 v1.3 Providing info/warning/error messages (HO)
)
(/usr/local/texlive/2012/texmf-dist/tex/generic/oberdiek/ltxcmds.sty
Package: ltxcmds 2011/11/09 v1.22 LaTeX kernel commands for general use (HO)
)
\Gread@gobject=\count99
))
\Gin@req@height=\dimen114
\Gin@req@width=\dimen115
)
(/usr/local/texlive/2012/texmf-dist/tex/latex/hyperref/hyperref.sty
Package: hyperref 2012/05/13 v6.82q Hypertext links for LaTeX

(/usr/local/texlive/2012/texmf-dist/tex/generic/oberdiek/hobsub-hyperref.sty
Package: hobsub-hyperref 2012/05/28 v1.13 Bundle oberdiek, subset hyperref (HO)


(/usr/local/texlive/2012/texmf-dist/tex/generic/oberdiek/hobsub-generic.sty
Package: hobsub-generic 2012/05/28 v1.13 Bundle oberdiek, subset generic (HO)
Package: hobsub 2012/05/28 v1.13 Construct package bundles (HO)
Package hobsub Info: Skipping package `infwarerr' (already loaded).
Package hobsub Info: Skipping package `ltxcmds' (already loaded).
Package: ifluatex 2010/03/01 v1.3 Provides the ifluatex switch (HO)
Package ifluatex Info: LuaTeX not detected.
Package: ifvtex 2010/03/01 v1.5 Detect VTeX and its facilities (HO)
Package ifvtex Info: VTeX not detected.
Package: intcalc 2007/09/27 v1.1 Expandable calculations with integers (HO)
Package: ifpdf 2011/01/30 v2.3 Provides the ifpdf switch (HO)
Package ifpdf Info: pdfTeX in PDF mode is detected.
Package: etexcmds 2011/02/16 v1.5 Avoid name clashes with e-TeX commands (HO)
Package etexcmds Info: Could not find \expanded.
(etexcmds)             That can mean that you are not using pdfTeX 1.50 or
(etexcmds)             that some package has redefined \expanded.
(etexcmds)             In the latter case, load this package earlier.
Package: kvsetkeys 2012/04/25 v1.16 Key value parser (HO)
Package: kvdefinekeys 2011/04/07 v1.3 Define keys (HO)
Package: pdftexcmds 2011/11/29 v0.20 Utility functions of pdfTeX for LuaTeX (HO
)
Package pdftexcmds Info: LuaTeX not detected.
Package pdftexcmds Info: \pdf@primitive is available.
Package pdftexcmds Info: \pdf@ifprimitive is available.
Package pdftexcmds Info: \pdfdraftmode found.
Package: pdfescape 2011/11/25 v1.13 Implements pdfTeX's escape features (HO)
Package: bigintcalc 2012/04/08 v1.3 Expandable calculations on big integers (HO
)
Package: bitset 2011/01/30 v1.1 Handle bit-vector datatype (HO)
Package: uniquecounter 2011/01/30 v1.2 Provide unlimited unique counter (HO)
)
Package hobsub Info: Skipping package `hobsub' (already loaded).
Package: letltxmacro 2010/09/02 v1.4 Let assignment for LaTeX macros (HO)
Package: hopatch 2012/05/28 v1.2 Wrapper for package hooks (HO)
Package: xcolor-patch 2011/01/30 xcolor patch
Package: atveryend 2011/06/30 v1.8 Hooks at the very end of document (HO)
Package atveryend Info: \enddocument detected (standard20110627).
Package: atbegshi 2011/10/05 v1.16 At begin shipout hook (HO)
Package: refcount 2011/10/16 v3.4 Data extraction from label references (HO)
Package: hycolor 2011/01/30 v1.7 Color options for hyperref/bookmark (HO)
)
(/usr/local/texlive/2012/texmf-dist/tex/generic/ifxetex/ifxetex.sty
Package: ifxetex 2010/09/12 v0.6 Provides ifxetex conditional
)
(/usr/local/texlive/2012/texmf-dist/tex/latex/oberdiek/kvoptions.sty
Package: kvoptions 2011/06/30 v3.11 Key value format for package options (HO)
)
\@linkdim=\dimen116
\Hy@linkcounter=\count100
\Hy@pagecounter=\count101

(/usr/local/texlive/2012/texmf-dist/tex/latex/hyperref/pd1enc.def
File: pd1enc.def 2012/05/13 v6.82q Hyperref: PDFDocEncoding definition (HO)
)
\Hy@SavedSpaceFactor=\count102

(/usr/local/texlive/2012/texmf-dist/tex/latex/latexconfig/hyperref.cfg
File: hyperref.cfg 2002/06/06 v1.2 hyperref configuration of TeXLive
)
Package hyperref Info: Hyper figures OFF on input line 4062.
Package hyperref Info: Link nesting OFF on input line 4067.
Package hyperref Info: Hyper index ON on input line 4070.
Package hyperref Info: Plain pages OFF on input line 4077.
Package hyperref Info: Backreferencing OFF on input line 4082.
Package hyperref Info: Implicit mode ON; LaTeX internals redefined.
Package hyperref Info: Bookmarks ON on input line 4300.
\c@Hy@tempcnt=\count103

(/usr/local/texlive/2012/texmf-dist/tex/latex/url/url.sty
\Urlmuskip=\muskip11
Package: url 2006/04/12  ver 3.3  Verb mode for urls, etc.
)
LaTeX Info: Redefining \url on input line 4653.
\Fld@menulength=\count104
\Field@Width=\dimen117
\Fld@charsize=\dimen118
Package hyperref Info: Hyper figures OFF on input line 5773.
Package hyperref Info: Link nesting OFF on input line 5778.
Package hyperref Info: Hyper index ON on input line 5781.
Package hyperref Info: backreferencing OFF on input line 5788.
Package hyperref Info: Link coloring OFF on input line 5793.
Package hyperref Info: Link coloring with OCG OFF on input line 5798.
Package hyperref Info: PDF/A mode OFF on input line 5803.
LaTeX Info: Redefining \ref on input line 5843.
LaTeX Info: Redefining \pageref on input line 5847.
\Hy@abspage=\count105
\c@Item=\count106
\c@Hfootnote=\count107
)

Package hyperref Message: Driver (autodetected): hpdftex.

(/usr/local/texlive/2012/texmf-dist/tex/latex/hyperref/hpdftex.def
File: hpdftex.def 2012/05/13 v6.82q Hyperref driver for pdfTeX
\Fld@listcount=\count108
\c@bookmark@seq@number=\count109

(/usr/local/texlive/2012/texmf-dist/tex/latex/oberdiek/rerunfilecheck.sty
Package: rerunfilecheck 2011/04/15 v1.7 Rerun checks for auxiliary files (HO)
Package uniquecounter Info: New unique counter `rerunfilecheck' on input line 2
82.
)
\Hy@SectionHShift=\skip52
)
Package hyperref Info: Option `colorlinks' set `false' on input line 8.

(./contours.aux)
\openout1 = `contours.aux'.

LaTeX Font Info:    Checking defaults for OML/cmm/m/it on input line 17.
LaTeX Font Info:    ... okay on input line 17.
LaTeX Font Info:    Checking defaults for T1/cmr/m/n on input line 17.
LaTeX Font Info:    ... okay on input line 17.
LaTeX Font Info:    Checking defaults for OT1/cmr/m/n on input line 17.
LaTeX Font Info:    ... okay on input line 17.
LaTeX Font Info:    Checking defaults for OMS/cmsy/m/n on input line 17.
LaTeX Font Info:    ... okay on input line 17.
LaTeX Font Info:    Checking defaults for OMX/cmex/m/n on input line 17.
LaTeX Font Info:    ... okay on input line 17.
LaTeX Font Info:    Checking defaults for U/cmr/m/n on input line 17.
LaTeX Font Info:    ... okay on input line 17.
LaTeX Font Info:    Checking defaults for PD1/pdf/m/n on input line 17.
LaTeX Font Info:    ... okay on input line 17.
LaTeX Font Info:    Try loading font information for T1+lmr on input line 17.
 (/usr/local/texlive/2012/texmf-dist/tex/latex/lm/t1lmr.fd
File: t1lmr.fd 2009/10/30 v1.6 Font defs for Latin Modern
)
LaTeX Font Info:    Try loading font information for OT1+lmr on input line 17.

(/usr/local/texlive/2012/texmf-dist/tex/latex/lm/ot1lmr.fd
File: ot1lmr.fd 2009/10/30 v1.6 Font defs for Latin Modern
)
LaTeX Font Info:    Try loading font information for OML+lmm on input line 17.

(/usr/local/texlive/2012/texmf-dist/tex/latex/lm/omllmm.fd
File: omllmm.fd 2009/10/30 v1.6 Font defs for Latin Modern
)
LaTeX Font Info:    Try loading font information for OMS+lmsy on input line 17.


(/usr/local/texlive/2012/texmf-dist/tex/latex/lm/omslmsy.fd
File: omslmsy.fd 2009/10/30 v1.6 Font defs for Latin Modern
)
LaTeX Font Info:    Try loading font information for OMX+lmex on input line 17.


(/usr/local/texlive/2012/texmf-dist/tex/latex/lm/omxlmex.fd
File: omxlmex.fd 2009/10/30 v1.6 Font defs for Latin Modern
)
LaTeX Font Info:    External font `lmex10' loaded for size
(Font)              <10> on input line 17.
LaTeX Font Info:    External font `lmex10' loaded for size
(Font)              <7> on input line 17.
LaTeX Font Info:    External font `lmex10' loaded for size
(Font)              <5> on input line 17.
LaTeX Font Info:    Try loading font information for U+msa on input line 17.

(/usr/local/texlive/2012/texmf-dist/tex/latex/amsfonts/umsa.fd
File: umsa.fd 2009/06/22 v3.00 AMS symbols A
)
LaTeX Font Info:    Try loading font information for U+msb on input line 17.

(/usr/local/texlive/2012/texmf-dist/tex/latex/amsfonts/umsb.fd
File: umsb.fd 2009/06/22 v3.00 AMS symbols B
)
(/usr/local/texlive/2012/texmf-dist/tex/context/base/supp-pdf.mkii
[Loading MPS to PDF converter (version 2006.09.02).]
\scratchcounter=\count110
\scratchdimen=\dimen119
\scratchbox=\box29
\nofMPsegments=\count111
\nofMParguments=\count112
\everyMPshowfont=\toks26
\MPscratchCnt=\count113
\MPscratchDim=\dimen120
\MPnumerator=\count114
\makeMPintoPDFobject=\count115
\everyMPtoPDFconversion=\toks27
) (/usr/local/texlive/2012/texmf-dist/tex/latex/oberdiek/epstopdf-base.sty
Package: epstopdf-base 2010/02/09 v2.5 Base part for package epstopdf

(/usr/local/texlive/2012/texmf-dist/tex/latex/oberdiek/grfext.sty
Package: grfext 2010/08/19 v1.1 Manage graphics extensions (HO)
)
Package grfext Info: Graphics extension search list:
(grfext)             [.png,.pdf,.jpg,.mps,.jpeg,.jbig2,.jb2,.PNG,.PDF,.JPG,.JPE
G,.JBIG2,.JB2,.eps]
(grfext)             \AppendGraphicsExtensions on input line 452.

(/usr/local/texlive/2012/texmf-dist/tex/latex/latexconfig/epstopdf-sys.cfg
File: epstopdf-sys.cfg 2010/07/13 v1.3 Configuration of (r)epstopdf for TeX Liv
e
))
\AtBeginShipoutBox=\box30
Package hyperref Info: Link coloring OFF on input line 17.

(/usr/local/texlive/2012/texmf-dist/tex/latex/hyperref/nameref.sty
Package: nameref 2010/04/30 v2.40 Cross-referencing by name of section

(/usr/local/texlive/2012/texmf-dist/tex/generic/oberdiek/gettitlestring.sty
Package: gettitlestring 2010/12/03 v1.4 Cleanup title references (HO)
)
\c@section@level=\count116
)
LaTeX Info: Redefining \ref on input line 17.
LaTeX Info: Redefining \pageref on input line 17.
LaTeX Info: Redefining \nameref on input line 17.

(./contours.out) (./contours.out)
\@outlinefile=\write3
\openout3 = `contours.out'.


<pics/cover.pdf, id=24, 566.59679pt x 359.54326pt>
File: pics/cover.pdf Graphic file (type pdf)
 <use pics/cover.pdf>
Package pdftex.def Info: pics/cover.pdf used on input line 24.
(pdftex.def)             Requested size: 455.24408pt x 288.88036pt.

[0

{/usr/local/texlive/2012/texmf-var/fonts/map/pdftex/updmap/pdftex.map} <./pics/
cover.pdf>]
LaTeX Font Info:    External font `lmex10' loaded for size
(Font)              <12> on input line 58.
LaTeX Font Info:    External font `lmex10' loaded for size
(Font)              <8> on input line 58.
LaTeX Font Info:    External font `lmex10' loaded for size
(Font)              <6> on input line 58.
 <pics/tutorial_3d.png, id=38, 401.5pt x 233.87375pt>
File: pics/tutorial_3d.png Graphic file (type png)

<use pics/tutorial_3d.png>
Package pdftex.def Info: pics/tutorial_3d.png used on input line 67.
(pdftex.def)             Requested size: 170.71652pt x 99.44319pt.

<pics/tutorial_contour.pdf, id=40, 566.68304pt x 357.30345pt>
File: pics/tutorial_contour.pdf Graphic file (type pdf)

<use pics/tutorial_contour.pdf>
Package pdftex.def Info: pics/tutorial_contour.pdf used on input line 68.
(pdftex.def)             Requested size: 170.71652pt x 107.63892pt.

<pics/tutorial_c0.pdf, id=42, 566.68304pt x 357.30345pt>
File: pics/tutorial_c0.pdf Graphic file (type pdf)

<use pics/tutorial_c0.pdf>
Package pdftex.def Info: pics/tutorial_c0.pdf used on input line 87.
(pdftex.def)             Requested size: 170.71652pt x 107.63892pt.

<pics/tutorial_c1.pdf, id=43, 566.68304pt x 357.30345pt>
File: pics/tutorial_c1.pdf Graphic file (type pdf)

<use pics/tutorial_c1.pdf>
Package pdftex.def Info: pics/tutorial_c1.pdf used on input line 88.
(pdftex.def)             Requested size: 170.71652pt x 107.63892pt.

<pics/tutorial_c2.pdf, id=44, 566.68304pt x 357.30345pt>
File: pics/tutorial_c2.pdf Graphic file (type pdf)

<use pics/tutorial_c2.pdf>
Package pdftex.def Info: pics/tutorial_c2.pdf used on input line 89.
(pdftex.def)             Requested size: 170.71652pt x 107.63892pt.

<pics/tutorial_c012.pdf, id=45, 566.68304pt x 357.30345pt>
File: pics/tutorial_c012.pdf Graphic file (type pdf)

<use pics/tutorial_c012.pdf>
Package pdftex.def Info: pics/tutorial_c012.pdf used on input line 90.
(pdftex.def)             Requested size: 170.71652pt x 107.63892pt.
pdfTeX warning (ext4): destination with the same identifier (name{page.}) has b
een already used, duplicate ignored
<to be read again> 
                   \relax 
l.106 
       [1 <./pics/tutorial_3d.png> <./pics/tutorial_contour.pdf>]
LaTeX Font Info:    Try loading font information for T1+lmtt on input line 113.


(/usr/local/texlive/2012/texmf-dist/tex/latex/lm/t1lmtt.fd
File: t1lmtt.fd 2009/10/30 v1.6 Font defs for Latin Modern
) (./contours.bbl
Underfull \hbox (badness 1817) in paragraph at lines 12--14
[]\T1/lmr/m/n/10 Marshall Hamp-ton, \T1/lmr/m/it/10 A Math-e-mat-i-cal Col-or-i
ng Book\T1/lmr/m/n/10 , []$\T1/lmtt/m/n/10 http : / / www . d . umn . edu / ~mh
ampton /
 []

)pdfTeX warning (ext4): destination with the same identifier (name{page.}) has 
been already used, duplicate ignored
<to be read again> 
                   \relax 
l.139 \begin
            {figure}[!ht] [2 <./pics/tutorial_c0.pdf> <./pics/tutorial_c1.pdf> 
<./pics/tutorial_c2.pdf> <./pics/tutorial_c012.pdf>]
<pics/caterpillar.pdf, id=138, 566.59679pt x 230.98059pt>
File: pics/caterpillar.pdf Graphic file (type pdf)

<use pics/caterpillar.pdf>
Package pdftex.def Info: pics/caterpillar.pdf used on input line 140.
(pdftex.def)             Requested size: 654.41338pt x 266.79219pt.


LaTeX Warning: Float too large for page by 5.54991pt on input line 145.

<pics/indian_caterpillar.pdf, id=139, 393.52461pt x 422.05681pt>
File: pics/indian_caterpillar.pdf Graphic file (type pdf)

<use pics/indian_caterpillar.pdf>
Package pdftex.def Info: pics/indian_caterpillar.pdf used on input line 149.
(pdftex.def)             Requested size: 455.26991pt x 597.58604pt.

Overfull \hbox (2.30202pt too wide) in paragraph at lines 149--153
 [][] 
 []

<pics/three_monkeys.pdf, id=140, 243.73058pt x 422.05681pt>
File: pics/three_monkeys.pdf Graphic file (type pdf)

<use pics/three_monkeys.pdf>
Package pdftex.def Info: pics/three_monkeys.pdf used on input line 158.
(pdftex.def)             Requested size: 377.96072pt x 654.41338pt.


LaTeX Warning: Float too large for page by 5.54991pt on input line 163.

<pics/three_monkeys_eaten.pdf, id=141, 510.6661pt x 422.05681pt>
File: pics/three_monkeys_eaten.pdf Graphic file (type pdf)

<use pics/three_monkeys_eaten.pdf>
Package pdftex.def Info: pics/three_monkeys_eaten.pdf used on input line 167.
(pdftex.def)             Requested size: 455.24724pt x 483.71935pt.

Overfull \hbox (2.27934pt too wide) in paragraph at lines 167--171
 [][] 
 []

<pics/mr_fancy_pants.pdf, id=142, 566.59679pt x 308.93016pt>
File: pics/mr_fancy_pants.pdf Graphic file (type pdf)

<use pics/mr_fancy_pants.pdf>
Package pdftex.def Info: pics/mr_fancy_pants.pdf used on input line 176.
(pdftex.def)             Requested size: 654.41338pt x 356.82721pt.


LaTeX Warning: Float too large for page by 5.41672pt on input line 181.

<pics/mite.pdf, id=143, 409.31921pt x 422.05681pt>
File: pics/mite.pdf Graphic file (type pdf)
 <use pics/mite.pdf>
Package pdftex.def Info: pics/mite.pdf used on input line 185.
(pdftex.def)             Requested size: 455.24408pt x 469.41597pt.

Overfull \hbox (2.27618pt too wide) in paragraph at lines 185--185
 [][] 
 []

<pics/landscape.pdf, id=144, 512.63521pt x 422.05681pt>
File: pics/landscape.pdf Graphic file (type pdf)

<use pics/landscape.pdf>
Package pdftex.def Info: pics/landscape.pdf used on input line 194.
(pdftex.def)             Requested size: 552.9729pt x 455.24408pt.

Overfull \hbox (2.27618pt too wide) in paragraph at lines 194--194
 [][] 
 []

<pics/embryos.pdf, id=145, 491.34929pt x 422.05681pt>
File: pics/embryos.pdf Graphic file (type pdf)
 <use pics/embryos.pdf>
Package pdftex.def Info: pics/embryos.pdf used on input line 203.
(pdftex.def)             Requested size: 530.01205pt x 455.24408pt.

Overfull \hbox (2.27618pt too wide) in paragraph at lines 203--203
 [][] 
 []

<pics/gingerbreadman.pdf, id=146, 422.05681pt x 422.05681pt>
File: pics/gingerbreadman.pdf Graphic file (type pdf)

<use pics/gingerbreadman.pdf>
Package pdftex.def Info: pics/gingerbreadman.pdf used on input line 212.
(pdftex.def)             Requested size: 455.26715pt x 597.58604pt.

Overfull \hbox (2.29926pt too wide) in paragraph at lines 212--216
 [][] 
 []

<pics/arnolds_cat3.pdf, id=147, 422.05681pt x 422.05681pt>
File: pics/arnolds_cat3.pdf Graphic file (type pdf)

<use pics/arnolds_cat3.pdf>
Package pdftex.def Info: pics/arnolds_cat3.pdf used on input line 221.
(pdftex.def)             Requested size: 455.26715pt x 597.58604pt.

Overfull \hbox (2.29926pt too wide) in paragraph at lines 221--225
 [][] 
 []

Package atveryend Info: Empty hook `BeforeClearDocument' on input line 227.
pdfTeX warning (ext4): destination with the same identifier (name{page.}) has b
een already used, duplicate ignored
<to be read again> 
                   \relax 
l.227 \end{document}
                     [3 <./pics/caterpillar.pdf>]pdfTeX warning (ext4): destina
tion with the same identifier (name{page.}) has been already used, duplicate ig
nored
<to be read again> 
                   \relax 
l.227 \end{document}
                     [4 <./pics/indian_caterpillar.pdf>]pdfTeX warning (ext4): 
destination with the same identifier (name{page.}) has been already used, dupli
cate ignored
<to be read again> 
                   \relax 
l.227 \end{document}
                     [5 <./pics/three_monkeys.pdf>]pdfTeX warning (ext4): desti
nation with the same identifier (name{page.}) has been already used, duplicate 
ignored
<to be read again> 
                   \relax 
l.227 \end{document}
                     [6 <./pics/three_monkeys_eaten.pdf>]pdfTeX warning (ext4):
 destination with the same identifier (name{page.}) has been already used, dupl
icate ignored
<to be read again> 
                   \relax 
l.227 \end{document}
                     [7 <./pics/mr_fancy_pants.pdf>]pdfTeX warning (ext4): dest
ination with the same identifier (name{page.}) has been already used, duplicate
 ignored
<to be read again> 
                   \relax 
l.227 \end{document}
                     [8 <./pics/mite.pdf>]pdfTeX warning (ext4): destination wi
th the same identifier (name{page.}) has been already used, duplicate ignored
<to be read again> 
                   \relax 
l.227 \end{document}
                     [9 <./pics/landscape.pdf>]pdfTeX warning (ext4): destinati
on with the same identifier (name{page.}) has been already used, duplicate igno
red
<to be read again> 
                   \relax 
l.227 \end{document}
                     [10 <./pics/embryos.pdf>]pdfTeX warning (ext4): destinatio
n with the same identifier (name{page.}) has been already used, duplicate ignor
ed
<to be read again> 
                   \relax 
l.227 \end{document}
                     [11 <./pics/gingerbreadman.pdf>]pdfTeX warning (ext4): des
tination with the same identifier (name{page.}) has been already used, duplicat
e ignored
<to be read again> 
                   \relax 
l.227 \end{document}
                     [12 <./pics/arnolds_cat3.pdf>]
Package atveryend Info: Empty hook `AfterLastShipout' on input line 227.
 (./contours.aux)
Package atveryend Info: Executing hook `AtVeryEndDocument' on input line 227.
Package atveryend Info: Executing hook `AtEndAfterFileList' on input line 227.
Package rerunfilecheck Info: File `contours.out' has not changed.
(rerunfilecheck)             Checksum: 1E2A7C103C9E056F63AA84469EDA8DF6;242.
Package atveryend Info: Empty hook `AtVeryVeryEnd' on input line 227.
 ) 
Here is how much of TeX's memory you used:
 6562 strings out of 493488
 94036 string characters out of 3141326
 174550 words of memory out of 3000000
 9573 multiletter control sequences out of 15000+200000
 64961 words of font info for 60 fonts, out of 3000000 for 9000
 1118 hyphenation exceptions out of 8191
 34i,7n,32p,510b,340s stack positions out of 5000i,500n,10000p,200000b,50000s
{/usr/local/texlive/2012/texmf-dist/fonts/enc/dvips/lm/lm-mathit.enc}{/usr/lo
cal/texlive/2012/texmf-dist/fonts/enc/dvips/lm/lm-rm.enc}{/usr/local/texlive/20
12/texmf-dist/fonts/enc/dvips/lm/lm-ec.enc}{/usr/local/texlive/2012/texmf-dist/
fonts/enc/dvips/lm/lm-mathsy.enc}</usr/local/texlive/2012/texmf-dist/fonts/type
1/public/lm/lmcsc10.pfb></usr/local/texlive/2012/texmf-dist/fonts/type1/public/
lm/lmmi12.pfb></usr/local/texlive/2012/texmf-dist/fonts/type1/public/lm/lmmi8.p
fb></usr/local/texlive/2012/texmf-dist/fonts/type1/public/lm/lmr10.pfb></usr/lo
cal/texlive/2012/texmf-dist/fonts/type1/public/lm/lmr12.pfb></usr/local/texlive
/2012/texmf-dist/fonts/type1/public/lm/lmr17.pfb></usr/local/texlive/2012/texmf
-dist/fonts/type1/public/lm/lmr7.pfb></usr/local/texlive/2012/texmf-dist/fonts/
type1/public/lm/lmr8.pfb></usr/local/texlive/2012/texmf-dist/fonts/type1/public
/lm/lmri10.pfb></usr/local/texlive/2012/texmf-dist/fonts/type1/public/lm/lmri12
.pfb></usr/local/texlive/2012/texmf-dist/fonts/type1/public/lm/lmsy10.pfb></usr
/local/texlive/2012/texmf-dist/fonts/type1/public/lm/lmsy8.pfb></usr/local/texl
ive/2012/texmf-dist/fonts/type1/public/lm/lmtt10.pfb></usr/local/texlive/2012/t
exmf-dist/fonts/type1/public/lm/lmtt12.pfb>
Output written on contours.pdf (13 pages, 814888 bytes).
PDF statistics:
 259 PDF objects out of 1000 (max. 8388607)
 178 compressed objects within 2 object streams
 21 named destinations out of 1000 (max. 500000)
 126 words of extra memory for PDF output out of 10000 (max. 10000000)

